This is pdfTeX, Version 3.141592653-2.6-1.40.29 (MiKTeX 26.2) (preloaded format=pdflatex 2026.4.15)  15 APR 2026 12:35
entering extended mode
 restricted \write18 enabled.
 file:line:error style messages enabled.
 %&-line parsing enabled.
**f:/GitHub/cs4951-report/sample-thesis.tex
(f:/GitHub/cs4951-report/sample-thesis.tex
LaTeX2e <2025-11-01>
L3 programming layer <2026-03-20>
(unswthesis.cls
Document Class: unswthesis 2015/04/30 v2.0.1 Faculty of Engineering, University of NSW Thesis Class
(F:\Programs\MiKTeX\tex/latex/fancyhdr\fancyhdr.sty
Package: fancyhdr 2025/02/07 v5.2 Extensive control of page headers and footers
\f@nch@headwidth=\skip49
\f@nch@offset@elh=\skip50
\f@nch@offset@erh=\skip51
\f@nch@offset@olh=\skip52
\f@nch@offset@orh=\skip53
\f@nch@offset@elf=\skip54
\f@nch@offset@erf=\skip55
\f@nch@offset@olf=\skip56
\f@nch@offset@orf=\skip57
\f@nch@height=\skip58
\f@nch@footalignment=\skip59
\f@nch@widthL=\skip60
\f@nch@widthC=\skip61
\f@nch@widthR=\skip62
\@temptokenb=\toks17
) (F:\Programs\MiKTeX\tex/latex/graphics\graphics.sty
Package: graphics 2024/08/06 v1.4g Standard LaTeX Graphics (DPC,SPQR)
 (F:\Programs\MiKTeX\tex/latex/graphics\trig.sty
Package: trig 2023/12/02 v1.11 sin cos tan (DPC)
) (F:\Programs\MiKTeX\tex/latex/graphics-cfg\graphics.cfg
File: graphics.cfg 2016/06/04 v1.11 sample graphics configuration
)
Package graphics Info: Driver file: pdftex.def on input line 106.
 (F:\Programs\MiKTeX\tex/latex/graphics-def\pdftex.def
File: pdftex.def 2025/09/29 v1.2d Graphics/color driver for pdftex
)) (F:\Programs\MiKTeX\tex/latex/units\units.sty
Package: units 1998/08/04 v0.9b Typesetting units
 (F:\Programs\MiKTeX\tex/latex/base\ifthen.sty
Package: ifthen 2024/03/16 v1.1e Standard LaTeX ifthen package (DPC)
) (F:\Programs\MiKTeX\tex/latex/units\nicefrac.sty
Package: nicefrac 1998/08/04 v0.9b Nice fractions
\L@UnitsRaiseDisplaystyle=\skip63
\L@UnitsRaiseTextstyle=\skip64
\L@UnitsRaiseScriptstyle=\skip65
)) (F:\Programs\MiKTeX\tex/latex/base\book.cls
Document Class: book 2025/01/22 v1.4n Standard LaTeX document class
(F:\Programs\MiKTeX\tex/latex/base\bk11.clo
File: bk11.clo 2025/01/22 v1.4n Standard LaTeX file (size option)
)
\c@part=\count275
\c@chapter=\count276
\c@section=\count277
\c@subsection=\count278
\c@subsubsection=\count279
\c@paragraph=\count280
\c@subparagraph=\count281
\c@figure=\count282
\c@table=\count283
\abovecaptionskip=\skip66
\belowcaptionskip=\skip67
\bibindent=\dimen150
) (F:\Programs\MiKTeX\tex/latex/sauerj\collect.sty
Package: collect 2004/09/12 v0.9 collect the contents of an environment
\CE@tmp@out=\write3
)
\CE@@@bstract@out=\write4
 (F:\Programs\MiKTeX\tex/latex/geometry\geometry.sty
Package: geometry 2026/03/07 v6.0 Page Geometry
 (F:\Programs\MiKTeX\tex/latex/graphics\keyval.sty
Package: keyval 2022/05/29 v1.15 key=value parser (DPC)
\KV@toks@=\toks18
) (F:\Programs\MiKTeX\tex/generic/iftex\ifvtex.sty
Package: ifvtex 2019/10/25 v1.7 ifvtex legacy package. Use iftex instead.
 (F:\Programs\MiKTeX\tex/generic/iftex\iftex.sty
Package: iftex 2024/12/12 v1.0g TeX engine tests
))
\Gm@cnth=\count284
\Gm@cntv=\count285
\c@Gm@tempcnt=\count286
\Gm@bindingoffset=\dimen151
\Gm@wd@mp=\dimen152
\Gm@odd@mp=\dimen153
\Gm@even@mp=\dimen154
\Gm@layoutwidth=\dimen155
\Gm@layoutheight=\dimen156
\Gm@layouthoffset=\dimen157
\Gm@layoutvoffset=\dimen158
\Gm@dimlist=\toks19
 (F:\Programs\MiKTeX\tex/latex/geometry\geometry.cfg))
\botmargin=\skip68
)

LaTeX Warning: \include should only be used after \begin{document} on input line 29.

(definitions.tex) (F:\Programs\MiKTeX\tex/latex/l3backend\l3backend-pdftex.def
File: l3backend-pdftex.def 2026-02-18 L3 backend support: PDF output (pdfTeX)
\l__color_backend_stack_int=\count287
) (sample-thesis.aux (abstract.aux) (acknowledgements.aux) (abbreviations.aux) (introduction.aux) (background.aux) (mywork.aux) (evaluation.aux) (conclusion.aux) (appendix1.aux) (appendix2.aux))
\openout1 = `sample-thesis.aux'.

LaTeX Font Info:    Checking defaults for OML/cmm/m/it on input line 32.
LaTeX Font Info:    ... okay on input line 32.
LaTeX Font Info:    Checking defaults for OMS/cmsy/m/n on input line 32.
LaTeX Font Info:    ... okay on input line 32.
LaTeX Font Info:    Checking defaults for OT1/cmr/m/n on input line 32.
LaTeX Font Info:    ... okay on input line 32.
LaTeX Font Info:    Checking defaults for T1/cmr/m/n on input line 32.
LaTeX Font Info:    ... okay on input line 32.
LaTeX Font Info:    Checking defaults for TS1/cmr/m/n on input line 32.
LaTeX Font Info:    ... okay on input line 32.
LaTeX Font Info:    Checking defaults for OMX/cmex/m/n on input line 32.
LaTeX Font Info:    ... okay on input line 32.
LaTeX Font Info:    Checking defaults for U/cmr/m/n on input line 32.
LaTeX Font Info:    ... okay on input line 32.
 (F:\Programs\MiKTeX\tex/context/base/mkii\supp-pdf.mkii
[Loading MPS to PDF converter (version 2006.09.02).]
\scratchcounter=\count288
\scratchdimen=\dimen159
\scratchbox=\box53
\nofMPsegments=\count289
\nofMParguments=\count290
\everyMPshowfont=\toks20
\MPscratchCnt=\count291
\MPscratchDim=\dimen160
\MPnumerator=\count292
\makeMPintoPDFobject=\count293
\everyMPtoPDFconversion=\toks21
) (F:\Programs\MiKTeX\tex/latex/epstopdf-pkg\epstopdf-base.sty
Package: epstopdf-base 2020-01-24 v2.11 Base part for package epstopdf
Package epstopdf-base Info: Redefining graphics rule for `.eps' on input line 485.
 (F:\Programs\MiKTeX\tex/latex/00miktex\epstopdf-sys.cfg
File: epstopdf-sys.cfg 2021/03/18 v2.0 Configuration of epstopdf for MiKTeX
))
*geometry* driver: auto-detecting
*geometry* detected driver: pdftex
*geometry* verbose mode - [ preamble ] result:
* driver: pdftex
* paper: <default>
* layout: <same size as paper>
* layoutoffset:(h,v)=(0.0pt,0.0pt)
* modes: twoside 
* h-part:(L,W,R)=(71.70166pt, 418.25368pt, 107.55254pt)
* v-part:(T,H,B)=(101.40665pt, 591.5302pt, 152.11pt)
* \paperwidth=597.50787pt
* \paperheight=845.04684pt
* \textwidth=412.56497pt
* \textheight=629.33034pt
* \oddsidemargin=41.54103pt
* \evensidemargin=-1.1381pt
* \topmargin=-1.1381pt
* \headheight=25.0pt
* \headsep=20.0pt
* \topskip=11.0pt
* \footskip=42.67912pt
* \marginparwidth=71.13188pt
* \marginparsep=7.0pt
* \columnsep=10.0pt
* \skip\footins=10.0pt plus 4.0pt minus 2.0pt
* \hoffset=0.0pt
* \voffset=0.0pt
* \mag=1000
* \@twocolumnfalse
* \@twosidetrue
* \@mparswitchtrue
* \@reversemarginfalse
* (1in=72.27pt=25.4mm, 1cm=28.453pt)

\@tmpb@x=\box54
\@titlewidth=\dimen161
LaTeX Font Info:    Trying to load font information for OT1+phv on input line 36.
(F:\Programs\MiKTeX\tex/latex/psnfss\ot1phv.fd
File: ot1phv.fd 2020/03/25 scalable font definitions for OT1/phv.
)
<crest.pdf, id=1, 147.27522pt x 154.20912pt>
File: crest.pdf Graphic file (type pdf)
<use crest.pdf>
Package pdftex.def Info: crest.pdf  used on input line 36.
(pdftex.def)             Requested size: 147.27486pt x 154.20872pt.
LaTeX Font Info:    Calculating math sizes for size <14> on input line 36.
LaTeX Font Info:    External font `cmex10' loaded for size
(Font)              <14> on input line 36.
LaTeX Font Info:    External font `cmex10' loaded for size
(Font)              <9.79996> on input line 36.
LaTeX Font Info:    External font `cmex10' loaded for size
(Font)              <7> on input line 36.
 [1



{C:/Users/Joshua/AppData/Local/MiKTeX/fonts/map/pdftex/pdftex.map}{F:/Programs/MiKTeX/fonts/enc/dvips/base/8r.enc} <./crest.pdf>]
\openout2 = `abstract.aux'.

 (abstract.tex
LaTeX Font Info:    External font `cmex10' loaded for size
(Font)              <10.95> on input line 5.
LaTeX Font Info:    External font `cmex10' loaded for size
(Font)              <8> on input line 5.
LaTeX Font Info:    External font `cmex10' loaded for size
(Font)              <6> on input line 5.
) [2


]
\openout2 = `acknowledgements.aux'.

 (acknowledgements.tex) [3




]
\openout2 = `abbreviations.aux'.

 (abbreviations.tex) [4




] (sample-thesis.toc [5



])
\tf@toc=\write5
\openout5 = `sample-thesis.toc'.

 [6] (sample-thesis.lof)
\tf@lof=\write6
\openout6 = `sample-thesis.lof'.

 [7

] (sample-thesis.lot)
\tf@lot=\write7
\openout7 = `sample-thesis.lot'.

 [8

]
\openout2 = `introduction.aux'.

 (introduction.tex
Chapter 1.
) [1




]
\openout2 = `background.aux'.

 (background.tex
Chapter 2.
) [2




]
\openout2 = `mywork.aux'.

 (mywork.tex
Chapter 3.
[3




] [4] [5]
Chapter 4.
[6

]) [7]
\openout2 = `evaluation.aux'.

 (evaluation.tex
Chapter 5.
) [8




]
\openout2 = `conclusion.aux'.

 (conclusion.tex
Chapter 6.
) [9




] (sample-thesis.bbl
Underfull \hbox (badness 2393) in paragraph at lines 30--37
\OT1/cmr/m/n/10.95 and notes for stu-dents.  http://scoff.ee.unsw.edu.au/doc-u-ment/the-sis/
 []

) [10




]
\openout2 = `appendix1.aux'.

 (appendix1.tex
Overfull \hbox (2.16803pt too wide) in paragraph at lines 10--23
[] [] 
 []


Underfull \vbox (badness 5637) has occurred while \output is active []

 [11


] [12] [13]) [14]
\openout2 = `appendix2.aux'.

 (appendix2.tex [15




]) [16] (sample-thesis.aux (abstract.aux) (acknowledgements.aux) (abbreviations.aux) (introduction.aux) (background.aux) (mywork.aux) (evaluation.aux) (conclusion.aux) (appendix1.aux) (appendix2.aux))
 ***********
LaTeX2e <2025-11-01>
L3 programming layer <2026-03-20>
 ***********
 ) 
Here is how much of TeX's memory you used:
 2852 strings out of 467690
 48618 string characters out of 5427469
 466793 words of memory out of 5000000
 31817 multiletter control sequences out of 15000+600000
 641755 words of font info for 72 fonts, out of 8000000 for 9000
 1141 hyphenation exceptions out of 8191
 72i,14n,79p,583b,440s stack positions out of 10000i,1000n,20000p,200000b,200000s
 <C:\Users\Joshua\AppData\Local\MiKTeX\fonts/pk/ljfour/jknappen/ec/dpi600\tcrm1095.pk><F:/Programs/MiKTeX/fonts/type1/public/amsfonts/cm/cmbx10.pfb><F:/Programs/MiKTeX/fonts/type1/public/amsfonts/cm/cmbx12.pfb><F:/Programs/MiKTeX/fonts/type1/public/amsfonts/cm/cmbx8.pfb><F:/Programs/MiKTeX/fonts/type1/public/amsfonts/cm/cmmi10.pfb><F:/Programs/MiKTeX/fonts/type1/public/amsfonts/cm/cmr10.pfb><F:/Programs/MiKTeX/fonts/type1/public/amsfonts/cm/cmr8.pfb><F:/Programs/MiKTeX/fonts/type1/public/amsfonts/cm/cmti10.pfb><F:/Programs/MiKTeX/fonts/type1/public/amsfonts/cm/cmtt10.pfb><F:/Programs/MiKTeX/fonts/type1/urw/helvetic/uhvb8a.pfb><F:/Programs/MiKTeX/fonts/type1/urw/helvetic/uhvr8a.pfb>
Output written on sample-thesis.pdf (24 pages, 331315 bytes).
PDF statistics:
 175 PDF objects out of 1000 (max. 8388607)
 0 named destinations out of 1000 (max. 500000)
 6 words of extra memory for PDF output out of 10000 (max. 10000000)

